<?xml version="1.0" encoding="UTF-8"?>
<testsuite name="HVL.Scheduler.SimulationTest" tests="1" skipped="0" failures="0" errors="0" timestamp="2024-10-03T13:01:08" hostname="fed" time="0.019">
  <properties/>
  <testcase name="testRR()" classname="HVL.Scheduler.SimulationTest" time="0.019"/>
  <system-out><![CDATA[]]></system-out>
  <system-err><![CDATA[]]></system-err>
</testsuite>
